<?xml version="1.0" encoding="UTF-8"?>
<testng-results ignored="0" total="1" passed="1" failed="0" skipped="0">
  <reporter-output>
  </reporter-output>
  <suite started-at="2025-09-01T09:22:15 IST" name="Suite" finished-at="2025-09-01T09:22:33 IST" duration-ms="17378">
    <groups>
    </groups>
    <test started-at="2025-09-01T09:22:15 IST" name="Test" finished-at="2025-09-01T09:22:33 IST" duration-ms="17378">
      <class name="com.skillio.MyTestCases">
        <test-method is-config="true" signature="setup(java.lang.String)[pri:0, instance:com.skillio.MyTestCases@294425a7]" started-at="2025-09-01T09:22:15 IST" name="setup" finished-at="2025-09-01T09:22:23 IST" duration-ms="7503" status="PASS">
          <params>
            <param index="0">
              <value is-null="true"/>
            </param>
          </params>
          <reporter-output>
          </reporter-output>
        </test-method> <!-- setup -->
        <test-method signature="verfiyJeansFilterOnSRP()[pri:0, instance:com.skillio.MyTestCases@294425a7]" started-at="2025-09-01T09:22:23 IST" name="verfiyJeansFilterOnSRP" description="TC001-Verfiy jeans filter on SRP" finished-at="2025-09-01T09:22:33 IST" duration-ms="9729" status="PASS">
          <reporter-output>
          </reporter-output>
        </test-method> <!-- verfiyJeansFilterOnSRP -->
        <test-method is-config="true" signature="tearDown()[pri:0, instance:com.skillio.MyTestCases@294425a7]" started-at="2025-09-01T09:22:33 IST" name="tearDown" finished-at="2025-09-01T09:22:33 IST" duration-ms="129" status="PASS">
          <reporter-output>
          </reporter-output>
        </test-method> <!-- tearDown -->
      </class> <!-- com.skillio.MyTestCases -->
    </test> <!-- Test -->
  </suite> <!-- Suite -->
</testng-results>
